<?xml version="1.0" encoding="UTF-8"?>
<testsuite xmlns:xsi="http://www.w3.org/2001/XMLSchema-instance" xsi:noNamespaceSchemaLocation="https://maven.apache.org/surefire/maven-surefire-plugin/xsd/surefire-test-report.xsd" name="TestSuite" time="16.028" tests="5" errors="0" skipped="0" failures="2">
  <properties>
[...]
</properties>
  <testcase name="WorkflowTests_TC01_Availability_Admin" classname="test.WorkflowTests" time="0.016">
    <failure message="expected [true] but found [false]" type="java.lang.AssertionError">java.lang.AssertionError: expected [true] but found [false]
	at test.WorkflowTests.WorkflowTests_TC01_Availability_Admin(WorkflowTests.java:51)
</failure>
    <system-out><![CDATA[Path -> reports\2018-08-15 [14-03-17]\ExecutionReport.html
Path -> C:\pen\Folder\Workspace\30069229\reports\2018-08-15 [14-03-17]\ExecutionReport.html
Path -> C:\pen\Folder\Workspace\30069229\reports\2018-08-15 [14-03-17]\ExecutionReport.html
]]></system-out>
  </testcase>
  <testcase name="WorkflowTests_TC04_GooglePageTest" classname="test.WorkflowTests" time="14.022"/>
  <testcase name="TriggerTests_TC01_Availability_Admin" classname="test.TriggerTests" time="0.001">
    <failure message="/ by zero" type="java.lang.ArithmeticException">java.lang.ArithmeticException: / by zero
	at test.TriggerTests.TriggerTests_TC01_Availability_Admin(TriggerTests.java:39)
</failure>
  </testcase>
  <testcase name="TriggerTests_TC02_Availability_NonAdmin" classname="test.TriggerTests" time="0"/>
  <testcase name="TriggerTests_TC03_Default_Setup" classname="test.TriggerTests" time="0"/>
</testsuite>